Map file loaded is: /home/rafael/CCIMod/MAPs/SampleMapL.m
{Error using <a href="matlab:matlab.internal.language.introspective.errorDocCallback('interface_rafael/runTestSentence', '/home/rafael/CCIMod/GUI/interface_rafael.mlapp', 178)" style="font-weight:bold">interface_rafael/runTestSentence</a> (<a href="matlab: opentoline('/home/rafael/CCIMod/GUI/interface_rafael.mlapp',178,0)">line 178</a>)
Undefined function or variable 'speechfile'.

Error in <a href="matlab:matlab.internal.language.introspective.errorDocCallback('interface_rafael/StartButtonValueChanged', '/home/rafael/CCIMod/GUI/interface_rafael.mlapp', 338)" style="font-weight:bold">interface_rafael/StartButtonValueChanged</a> (<a href="matlab: opentoline('/home/rafael/CCIMod/GUI/interface_rafael.mlapp',338,0)">line 338</a>)
            app.runTestSentence();

Error in <a href="matlab:matlab.internal.language.introspective.errorDocCallback('appdesigner.internal.service.AppManagementService/tryCallback', '/usr/local/MATLAB/R2016a/toolbox/matlab/appdesigner/appdesigner/+appdesigner/+internal/+service/AppManagementService.m', 179)" style="font-weight:bold">appdesigner.internal.service.AppManagementService/tryCallback</a> (<a href="matlab: opentoline('/usr/local/MATLAB/R2016a/toolbox/matlab/appdesigner/appdesigner/+appdesigner/+internal/+service/AppManagementService.m',179,0)">line 179</a>)
                    callback(app);

Error in
<a href="matlab:matlab.internal.language.introspective.errorDocCallback('matlab.apps.AppBase>@(source,event)tryCallback(appdesigner.internal.service.AppManagementService.instance(),app,callback,requiresEventData,event)')" style="font-weight:bold">matlab.apps.AppBase>@(source,event)tryCallback(appdesigner.internal.service.AppManagementService.instance(),app,callback,requiresEventData,event)</a>} 
Error using <a href="matlab:matlab.internal.language.introspective.errorDocCallback('matlab.ui.control.internal.controller.ComponentController/executeUserCallback', '/usr/local/MATLAB/R2016a/toolbox/matlab/uicomponents/uicomponents/+matlab/+ui/+control/+internal/+controller/ComponentController.m', 292)" style="font-weight:bold">matlab.ui.control.internal.controller.ComponentController/executeUserCallback</a> (<a href="matlab: opentoline('/usr/local/MATLAB/R2016a/toolbox/matlab/uicomponents/uicomponents/+matlab/+ui/+control/+internal/+controller/ComponentController.m',292,0)">line 292</a>)
Error while evaluating StateButton PrivateValueChangedFcn

{Error using <a href="matlab:matlab.internal.language.introspective.errorDocCallback('interface_rafael')" style="font-weight:bold">interface_rafael</a>
Unable to update the class 'interface_rafael' because the new definition contains an error:
 Error: <a href="matlab: opentoline('/home/rafael/CCIMod/GUI/interface_rafael.mlapp',199,17)">File: interface_rafael.mlapp Line: 199 Column: 17
</a>Unexpected MATLAB expression.

Error in <a href="matlab:matlab.internal.language.introspective.errorDocCallback('appdesigner.internal.service.AppManagementService/runApp', '/usr/local/MATLAB/R2016a/toolbox/matlab/appdesigner/appdesigner/+appdesigner/+internal/+service/AppManagementService.m', 68)" style="font-weight:bold">appdesigner.internal.service.AppManagementService/runApp</a> (<a href="matlab: opentoline('/usr/local/MATLAB/R2016a/toolbox/matlab/appdesigner/appdesigner/+appdesigner/+internal/+service/AppManagementService.m',68,0)">line 68</a>)
                runningApp = feval(appName);

Error in <a href="matlab:matlab.internal.language.introspective.errorDocCallback('appdesigner.internal.model.AppModel.runAppHelper', '/usr/local/MATLAB/R2016a/toolbox/matlab/appdesigner/appdesigner/+appdesigner/+internal/+model/AppModel.m', 622)" style="font-weight:bold">appdesigner.internal.model.AppModel.runAppHelper</a> (<a href="matlab: opentoline('/usr/local/MATLAB/R2016a/toolbox/matlab/appdesigner/appdesigner/+appdesigner/+internal/+model/AppModel.m',622,0)">line 622</a>)
                    appdesigner.internal.service.AppManagementService.instance().runApp(appFullFileName);

Error in <a href="matlab:matlab.internal.language.introspective.errorDocCallback('appdesigner.internal.model.AppModel>@()appdesigner.internal.model.AppModel.runAppHelper(obj)', '/usr/local/MATLAB/R2016a/toolbox/matlab/appdesigner/appdesigner/+appdesigner/+internal/+model/AppModel.m', 341)" style="font-weight:bold">appdesigner.internal.model.AppModel>@()appdesigner.internal.model.AppModel.runAppHelper(obj)</a> (<a href="matlab: opentoline('/usr/local/MATLAB/R2016a/toolbox/matlab/appdesigner/appdesigner/+appdesigner/+internal/+model/AppModel.m',341,0)">line 341</a>)
            funcHandle = @()appdesigner.internal.model.AppModel.runAppHelper(obj);
} 
